<component name="libraryTable">
  <library name="junit-platform-commons">
    <CLASSES>
      <root url="jar://$PROJECT_DIR$/lib/junit-platform-commons.jar!/" />
    </CLASSES>
    <JAVADOC />
    <SOURCES />
  </library>
</component>