<component name="libraryTable">
  <library name="junit-jupiter-api">
    <CLASSES>
      <root url="jar://$PROJECT_DIR$/lib/junit-jupiter-api.jar!/" />
    </CLASSES>
    <JAVADOC />
    <SOURCES />
  </library>
</component>